Arguments: 
  /home/dell/.nvm/versions/node/v17.6.0/bin/node /usr/share/yarn/bin/yarn.js install

PATH: 
  /home/dell/.local/share/solana/install/active_release/bin:/home/dell/.local/share/solana/install/active_release/bin:/home/dell/.local/bin:/home/dell/.nvm/versions/node/v17.6.0/bin:/home/dell/.cargo/bin:/home/dell/.local/share/solana/install/active_release/bin:/home/dell/.local/bin:/home/dell/.rvm/gems/ruby-3.0.1/bin:/home/dell/.rvm/gems/ruby-3.0.1@global/bin:/home/dell/.rvm/rubies/ruby-3.0.1/bin:/usr/local/sbin:/usr/local/bin:/usr/sbin:/usr/bin:/sbin:/bin:/usr/games:/usr/local/games:/snap/bin:/home/dell/.rvm/bin:/home/dell/.rvm/bin:/home/dell/.rvm/bin:/home/dell/.rvm/bin

Yarn version: 
  1.22.17

Node version: 
  17.6.0

Platform: 
  linux x64

Trace: 
  Error: https://registry.yarnpkg.com/@types: Request "https://registry.yarnpkg.com/@types" returned a 405
      at Request.params.callback [as _callback] (/usr/share/yarn/lib/cli.js:67038:18)
      at Request.self.callback (/usr/share/yarn/lib/cli.js:140883:22)
      at Request.emit (node:events:527:28)
      at Request.<anonymous> (/usr/share/yarn/lib/cli.js:141855:10)
      at Request.emit (node:events:527:28)
      at IncomingMessage.<anonymous> (/usr/share/yarn/lib/cli.js:141777:12)
      at Object.onceWrapper (node:events:641:28)
      at IncomingMessage.emit (node:events:539:35)
      at endReadableNT (node:internal/streams/readable:1342:12)
      at processTicksAndRejections (node:internal/process/task_queues:83:21)

npm manifest: 
  {
    "name": "candy-machine-mint",
    "version": "0.2.0",
    "private": true,
    "dependencies": {
      "runtime": "^7.15.5",
      "@civic/solana-gateway-react": "^0.4.13",
      "@identity.com/solana-gateway-ts": "^0.8.1",
      "@material-ui/core": "^4.12.3",
      "@material-ui/icons": "^4.11.2",
      "@material-ui/lab": "^4.0.0-alpha.60",
      "@project-serum/anchor": "^0.17.0",
      "@solana/spl-token": "^0.1.8",
      "@solana/wallet-adapter-base": "^0.7.0",
      "@solana/wallet-adapter-material-ui": "^0.13.1",
      "@solana/wallet-adapter-react": "^0.13.1",
      "@solana/wallet-adapter-react-ui": "^0.6.1",
      "@solana/wallet-adapter-wallets": "^0.11.3",
      "@solana/web3.js": "^1.33.0",
      "mime": "^3.0.0",
      "prop-types": "^15.7.2",
      "react": "^17.0.2",
      "react-countdown": "^2.3.2",
      "react-dom": "^17.0.2",
      "react-is": "^16.8.0",
      "react-scripts": "4.0.3",
      "styled-components": "^5.3.1",
      "typescript": "^4.1.2",
      "web-vitals": "^1.0.1"
    },
    "scripts": {
      "start": "react-scripts start",
      "build": "react-scripts build",
      "test": "react-scripts test",
      "eject": "react-scripts eject",
      "deploy:gh": "gh-pages -d ./build/ --repo https://github.com/pit-v/metaplex -t true --branch gh-pages-3",
      "deploy": "cross-env ASSET_PREFIX=/metaplex/ yarn build && yarn deploy:gh"
    },
    "eslintConfig": {
      "extends": [
        "react-app",
        "react-app"
      ]
    },
    "browserslist": {
      "production": [
        ">0.2%",
        "not dead",
        "not op_mini all"
      ],
      "development": [
        "last 1 chrome version",
        "last 1 firefox version",
        "last 1 safari version"
      ]
    },
    "devDependencies": {
      "@types/styled-components": "^5.1.14",
      "@testing-library/jest-dom": "^5.11.4",
      "@testing-library/react": "^11.1.0",
      "@testing-library/user-event": "^12.1.10",
      "@types": "^26.0.15",
      "@types/node": "^12.0.0",
      "@types/react": "^17.0.0",
      "@testing-library/dom": "^7.21.4",
      "@types/react-dom": "^17.0.0"
    }
  }

yarn manifest: 
  No manifest

Lockfile: 
  No lockfile
